<?xml version="1.0" encoding="UTF-8"?>
<testsuite xmlns:xsi="http://www.w3.org/2001/XMLSchema-instance" xsi:noNamespaceSchemaLocation="https://maven.apache.org/surefire/maven-surefire-plugin/xsd/surefire-test-report.xsd" name="es.codeurjc.ais.tictactoe.BoardTest" time="0.077" tests="3" errors="0" skipped="0" failures="0">
  <properties>
[...]
</properties>
  <testcase name="testBoardVictoria1" classname="es.codeurjc.ais.tictactoe.BoardTest" time="0.006"/>
  <testcase name="testBoardVictoria2" classname="es.codeurjc.ais.tictactoe.BoardTest" time="0"/>
  <testcase name="testBoardEmpate" classname="es.codeurjc.ais.tictactoe.BoardTest" time="0"/>
</testsuite>